<?xml version="1.0" encoding="UTF-8" standalone="yes"?><!DOCTYPE report PUBLIC "-//JACOCO//DTD Report 1.1//EN" "report.dtd"><report name="GradleProjectJ4"><sessioninfo id="mydesktop-7a7bd3f9" start="1761686955479" dump="1761686955807"/><sessioninfo id="mydesktop-7a7bd3f9" start="1761686955808" dump="1761686956515"/><sessioninfo id="mydesktop-f13169b6" start="1761686956633" dump="1761686956946"/><sessioninfo id="mydesktop-f13169b6" start="1761686956946" dump="1761686957679"/><sessioninfo id="mydesktop-2d39a0c0" start="1761686957790" dump="1761686958086"/><sessioninfo id="mydesktop-2d39a0c0" start="1761686958087" dump="1761686958812"/><sessioninfo id="mydesktop-fc097e5b" start="1761686958923" dump="1761686959212"/><sessioninfo id="mydesktop-fc097e5b" start="1761686959213" dump="1761686959961"/><sessioninfo id="mydesktop-34e0b291" start="1761686960076" dump="1761686960370"/><sessioninfo id="mydesktop-34e0b291" start="1761686960371" dump="1761686961101"/><sessioninfo id="mydesktop-4fddb4f5" start="1761686961213" dump="1761686961516"/><sessioninfo id="mydesktop-4fddb4f5" start="1761686961517" dump="1761686962253"/><sessioninfo id="mydesktop-9bfcea94" start="1761686962387" dump="1761686962685"/><sessioninfo id="mydesktop-9bfcea94" start="1761686962686" dump="1761686963444"/><sessioninfo id="mydesktop-fe5d7e17" start="1761686963540" dump="1761686963847"/><sessioninfo id="mydesktop-fe5d7e17" start="1761686963848" dump="1761686964607"/><sessioninfo id="mydesktop-67634d66" start="1761686964688" dump="1761686964988"/><sessioninfo id="mydesktop-67634d66" start="1761686964989" dump="1761686965765"/><sessioninfo id="mydesktop-e0554bab" start="1761686965849" dump="1761686966156"/><sessioninfo id="mydesktop-e0554bab" start="1761686966157" dump="1761686966914"/><sessioninfo id="mydesktop-bcd80a60" start="1761686966997" dump="1761686967305"/><sessioninfo id="mydesktop-bcd80a60" start="1761686967306" dump="1761686968079"/><sessioninfo id="mydesktop-830c2113" start="1761686968171" dump="1761686968472"/><sessioninfo id="mydesktop-830c2113" start="1761686968472" dump="1761686969236"/><sessioninfo id="mydesktop-ee4d9005" start="1761686969330" dump="1761686969636"/><sessioninfo id="mydesktop-ee4d9005" start="1761686969637" dump="1761686970399"/><sessioninfo id="mydesktop-ac0f70cb" start="1761686970489" dump="1761686970793"/><sessioninfo id="mydesktop-ac0f70cb" start="1761686970794" dump="1761686971583"/><sessioninfo id="mydesktop-8526e5c2" start="1761686971685" dump="1761686971983"/><sessioninfo id="mydesktop-8526e5c2" start="1761686971984" dump="1761686972756"/><sessioninfo id="mydesktop-47bf0f43" start="1761686972841" dump="1761686973149"/><sessioninfo id="mydesktop-47bf0f43" start="1761686973150" dump="1761686973920"/><sessioninfo id="mydesktop-6b6181eb" start="1761686974017" dump="1761686974320"/><sessioninfo id="mydesktop-6b6181eb" start="1761686974321" dump="1761686975094"/><sessioninfo id="mydesktop-dc870966" start="1761686975185" dump="1761686975487"/><sessioninfo id="mydesktop-dc870966" start="1761686975488" dump="1761686976263"/><sessioninfo id="mydesktop-1826b6a4" start="1761686976349" dump="1761686976651"/><sessioninfo id="mydesktop-1826b6a4" start="1761686976651" dump="1761686977425"/><sessioninfo id="mydesktop-574c0dc8" start="1761686977531" dump="1761686977844"/><sessioninfo id="mydesktop-574c0dc8" start="1761686977845" dump="1761686978608"/><sessioninfo id="mydesktop-4ff035f4" start="1761686978689" dump="1761686978987"/><sessioninfo id="mydesktop-4ff035f4" start="1761686978988" dump="1761686979750"/><sessioninfo id="mydesktop-e27cfff7" start="1761686979843" dump="1761686980145"/><sessioninfo id="mydesktop-e27cfff7" start="1761686980146" dump="1761686980912"/><sessioninfo id="mydesktop-6829ac3b" start="1761686981002" dump="1761686981310"/><sessioninfo id="mydesktop-6829ac3b" start="1761686981311" dump="1761686982045"/><sessioninfo id="mydesktop-73426c79" start="1761686982136" dump="1761686982444"/><sessioninfo id="mydesktop-73426c79" start="1761686982445" dump="1761686983227"/><sessioninfo id="mydesktop-ca1f8ceb" start="1761686983309" dump="1761686983611"/><sessioninfo id="mydesktop-ca1f8ceb" start="1761686983612" dump="1761686984391"/><sessioninfo id="mydesktop-fe111eb5" start="1761686984483" dump="1761686984784"/><sessioninfo id="mydesktop-fe111eb5" start="1761686984785" dump="1761686985527"/><sessioninfo id="mydesktop-63c11058" start="1761686985609" dump="1761686985906"/><sessioninfo id="mydesktop-63c11058" start="1761686985907" dump="1761686986687"/><sessioninfo id="mydesktop-bc481f84" start="1761686986772" dump="1761686987077"/><sessioninfo id="mydesktop-bc481f84" start="1761686987077" dump="1761686987843"/><sessioninfo id="mydesktop-c1c2f600" start="1761686987932" dump="1761686988232"/><sessioninfo id="mydesktop-c1c2f600" start="1761686988233" dump="1761686989020"/><sessioninfo id="mydesktop-2929a752" start="1761686989102" dump="1761686989403"/><sessioninfo id="mydesktop-2929a752" start="1761686989404" dump="1761686990178"/><sessioninfo id="mydesktop-ae995de5" start="1761686990270" dump="1761686990574"/><sessioninfo id="mydesktop-ae995de5" start="1761686990575" dump="1761686991349"/><sessioninfo id="mydesktop-bfb27c0" start="1761686991450" dump="1761686991761"/><sessioninfo id="mydesktop-bfb27c0" start="1761686991762" dump="1761686992528"/><sessioninfo id="mydesktop-c0aab09a" start="1761686992622" dump="1761686992919"/><sessioninfo id="mydesktop-c0aab09a" start="1761686992919" dump="1761686993697"/><sessioninfo id="mydesktop-45377b84" start="1761686993800" dump="1761686994109"/><sessioninfo id="mydesktop-45377b84" start="1761686994110" dump="1761686994897"/><sessioninfo id="mydesktop-36a4ff27" start="1761686994999" dump="1761686995313"/><sessioninfo id="mydesktop-36a4ff27" start="1761686995314" dump="1761686996086"/><sessioninfo id="mydesktop-877a4f14" start="1761686996190" dump="1761686996485"/><sessioninfo id="mydesktop-877a4f14" start="1761686996486" dump="1761686997253"/><sessioninfo id="mydesktop-496a0106" start="1761686997339" dump="1761686997638"/><sessioninfo id="mydesktop-496a0106" start="1761686997638" dump="1761686998389"/><sessioninfo id="mydesktop-cdeda613" start="1761686998487" dump="1761686998790"/><sessioninfo id="mydesktop-cdeda613" start="1761686998791" dump="1761686999547"/><sessioninfo id="mydesktop-b6407326" start="1761686999642" dump="1761686999943"/><sessioninfo id="mydesktop-b6407326" start="1761686999943" dump="1761687000718"/><sessioninfo id="mydesktop-cd5f03c" start="1761687000830" dump="1761687001132"/><sessioninfo id="mydesktop-cd5f03c" start="1761687001133" dump="1761687001892"/><sessioninfo id="mydesktop-5910d06c" start="1761687001983" dump="1761687002278"/><sessioninfo id="mydesktop-5910d06c" start="1761687002279" dump="1761687003030"/><sessioninfo id="mydesktop-fa51b7d0" start="1761687003135" dump="1761687003435"/><sessioninfo id="mydesktop-fa51b7d0" start="1761687003436" dump="1761687004218"/><sessioninfo id="mydesktop-f34857c" start="1761687004310" dump="1761687004618"/><sessioninfo id="mydesktop-f34857c" start="1761687004618" dump="1761687005409"/><sessioninfo id="mydesktop-40776365" start="1761687005507" dump="1761687005807"/><sessioninfo id="mydesktop-40776365" start="1761687005808" dump="1761687006570"/><sessioninfo id="mydesktop-c9313729" start="1761687006658" dump="1761687007315"/><sessioninfo id="mydesktop-c9313729" start="1761687007318" dump="1761687008302"/><sessioninfo id="mydesktop-dea9391d" start="1761687008387" dump="1761687009049"/><sessioninfo id="mydesktop-dea9391d" start="1761687009051" dump="1761687010090"/><sessioninfo id="mydesktop-143f2fd6" start="1761687010178" dump="1761687010836"/><sessioninfo id="mydesktop-143f2fd6" start="1761687010838" dump="1761687011837"/><sessioninfo id="mydesktop-654aaeeb" start="1761687011922" dump="1761687012583"/><sessioninfo id="mydesktop-654aaeeb" start="1761687012585" dump="1761687013573"/><sessioninfo id="mydesktop-d01beb03" start="1761687013658" dump="1761687014314"/><sessioninfo id="mydesktop-d01beb03" start="1761687014316" dump="1761687015341"/><sessioninfo id="mydesktop-d28b3d02" start="1761687015429" dump="1761687016082"/><sessioninfo id="mydesktop-d28b3d02" start="1761687016085" dump="1761687017089"/><sessioninfo id="mydesktop-b3964779" start="1761687017176" dump="1761687017828"/><sessioninfo id="mydesktop-b3964779" start="1761687017831" dump="1761687018851"/><sessioninfo id="mydesktop-3b4b8ad3" start="1761687018939" dump="1761687019584"/><sessioninfo id="mydesktop-3b4b8ad3" start="1761687019587" dump="1761687020598"/><sessioninfo id="mydesktop-925d3856" start="1761686955079" dump="1761687020657"/><package name="org/example/banca"><class name="org/example/banca/ContoBancario" sourcefilename="ContoBancario.java"><method name="&lt;init&gt;" desc="(Ljava/lang/String;I)V" line="4"><counter type="INSTRUCTION" missed="0" covered="9"/><counter type="LINE" missed="0" covered="4"/><counter type="COMPLEXITY" missed="0" covered="1"/><counter type="METHOD" missed="0" covered="1"/></method><method name="getId" desc="()Ljava/lang/String;" line="10"><counter type="INSTRUCTION" missed="0" covered="3"/><counter type="LINE" missed="0" covered="1"/><counter type="COMPLEXITY" missed="0" covered="1"/><counter type="METHOD" missed="0" covered="1"/></method><method name="getSaldo" desc="()I" line="14"><counter type="INSTRUCTION" missed="0" covered="3"/><counter type="LINE" missed="0" covered="1"/><counter type="COMPLEXITY" missed="0" covered="1"/><counter type="METHOD" missed="0" covered="1"/></method><method name="setId" desc="(Ljava/lang/String;)V" line="18"><counter type="INSTRUCTION" missed="0" covered="4"/><counter type="LINE" missed="0" covered="2"/><counter type="COMPLEXITY" missed="0" covered="1"/><counter type="METHOD" missed="0" covered="1"/></method><method name="setSaldo" desc="(I)V" line="22"><counter type="INSTRUCTION" missed="0" covered="4"/><counter type="LINE" missed="0" covered="2"/><counter type="COMPLEXITY" missed="0" covered="1"/><counter type="METHOD" missed="0" covered="1"/></method><method name="setSaldo2" desc="(I)V" line="26"><counter type="INSTRUCTION" missed="0" covered="4"/><counter type="LINE" missed="0" covered="2"/><counter type="COMPLEXITY" missed="0" covered="1"/><counter type="METHOD" missed="0" covered="1"/></method><method name="versamento" desc="(I)V" line="30"><counter type="INSTRUCTION" missed="0" covered="7"/><counter type="LINE" missed="0" covered="2"/><counter type="COMPLEXITY" missed="0" covered="1"/><counter type="METHOD" missed="0" covered="1"/></method><method name="prelievo" desc="(I)I" line="34"><counter type="INSTRUCTION" missed="0" covered="14"/><counter type="BRANCH" missed="0" covered="2"/><counter type="LINE" missed="0" covered="4"/><counter type="COMPLEXITY" missed="0" covered="2"/><counter type="METHOD" missed="0" covered="1"/></method><counter type="INSTRUCTION" missed="0" covered="48"/><counter type="BRANCH" missed="0" covered="2"/><counter type="LINE" missed="0" covered="18"/><counter type="COMPLEXITY" missed="0" covered="9"/><counter type="METHOD" missed="0" covered="8"/><counter type="CLASS" missed="0" covered="1"/></class><sourcefile name="ContoBancario.java"><line nr="4" mi="0" ci="2" mb="0" cb="0"/><line nr="5" mi="0" ci="3" mb="0" cb="0"/><line nr="6" mi="0" ci="3" mb="0" cb="0"/><line nr="7" mi="0" ci="1" mb="0" cb="0"/><line nr="10" mi="0" ci="3" mb="0" cb="0"/><line nr="14" mi="0" ci="3" mb="0" cb="0"/><line nr="18" mi="0" ci="3" mb="0" cb="0"/><line nr="19" mi="0" ci="1" mb="0" cb="0"/><line nr="22" mi="0" ci="3" mb="0" cb="0"/><line nr="23" mi="0" ci="1" mb="0" cb="0"/><line nr="26" mi="0" ci="3" mb="0" cb="0"/><line nr="27" mi="0" ci="1" mb="0" cb="0"/><line nr="30" mi="0" ci="6" mb="0" cb="0"/><line nr="31" mi="0" ci="1" mb="0" cb="0"/><line nr="34" mi="0" ci="4" mb="0" cb="2"/><line nr="35" mi="0" ci="2" mb="0" cb="0"/><line nr="37" mi="0" ci="6" mb="0" cb="0"/><line nr="38" mi="0" ci="2" mb="0" cb="0"/><counter type="INSTRUCTION" missed="0" covered="48"/><counter type="BRANCH" missed="0" covered="2"/><counter type="LINE" missed="0" covered="18"/><counter type="COMPLEXITY" missed="0" covered="9"/><counter type="METHOD" missed="0" covered="8"/><counter type="CLASS" missed="0" covered="1"/></sourcefile><counter type="INSTRUCTION" missed="0" covered="48"/><counter type="BRANCH" missed="0" covered="2"/><counter type="LINE" missed="0" covered="18"/><counter type="COMPLEXITY" missed="0" covered="9"/><counter type="METHOD" missed="0" covered="8"/><counter type="CLASS" missed="0" covered="1"/></package><package name="org/example/utente"><class name="org/example/utente/Utente" sourcefilename="Utente.java"><method name="&lt;init&gt;" desc="(Ljava/lang/String;Ljava/lang/String;Ljava/lang/String;Ljava/lang/String;Lorg/example/banca/ContoBancario;)V" line="10"><counter type="INSTRUCTION" missed="0" covered="18"/><counter type="LINE" missed="0" covered="7"/><counter type="COMPLEXITY" missed="0" covered="1"/><counter type="METHOD" missed="0" covered="1"/></method><method name="getName" desc="()Ljava/lang/String;" line="19"><counter type="INSTRUCTION" missed="0" covered="3"/><counter type="LINE" missed="0" covered="1"/><counter type="COMPLEXITY" missed="0" covered="1"/><counter type="METHOD" missed="0" covered="1"/></method><method name="getSurname" desc="()Ljava/lang/String;" line="23"><counter type="INSTRUCTION" missed="0" covered="3"/><counter type="LINE" missed="0" covered="1"/><counter type="COMPLEXITY" missed="0" covered="1"/><counter type="METHOD" missed="0" covered="1"/></method><method name="getTelephone" desc="()Ljava/lang/String;" line="27"><counter type="INSTRUCTION" missed="0" covered="3"/><counter type="LINE" missed="0" covered="1"/><counter type="COMPLEXITY" missed="0" covered="1"/><counter type="METHOD" missed="0" covered="1"/></method><method name="getAddress" desc="(I)Ljava/lang/String;" line="31"><counter type="INSTRUCTION" missed="0" covered="3"/><counter type="LINE" missed="0" covered="1"/><counter type="COMPLEXITY" missed="0" covered="1"/><counter type="METHOD" missed="0" covered="1"/></method><method name="getContoBancario" desc="()Lorg/example/banca/ContoBancario;" line="35"><counter type="INSTRUCTION" missed="0" covered="3"/><counter type="LINE" missed="0" covered="1"/><counter type="COMPLEXITY" missed="0" covered="1"/><counter type="METHOD" missed="0" covered="1"/></method><method name="setName" desc="(Ljava/lang/String;)V" line="39"><counter type="INSTRUCTION" missed="0" covered="4"/><counter type="LINE" missed="0" covered="2"/><counter type="COMPLEXITY" missed="0" covered="1"/><counter type="METHOD" missed="0" covered="1"/></method><method name="setSurname" desc="(Ljava/lang/String;)V" line="43"><counter type="INSTRUCTION" missed="0" covered="4"/><counter type="LINE" missed="0" covered="2"/><counter type="COMPLEXITY" missed="0" covered="1"/><counter type="METHOD" missed="0" covered="1"/></method><method name="setContoBancario" desc="(Lorg/example/banca/ContoBancario;)V" line="47"><counter type="INSTRUCTION" missed="0" covered="4"/><counter type="LINE" missed="0" covered="2"/><counter type="COMPLEXITY" missed="0" covered="1"/><counter type="METHOD" missed="0" covered="1"/></method><method name="prova" desc="(Ljava/util/ArrayList;Ljava/util/Set;)V" line="51"><counter type="INSTRUCTION" missed="11" covered="0"/><counter type="LINE" missed="3" covered="0"/><counter type="COMPLEXITY" missed="1" covered="0"/><counter type="METHOD" missed="1" covered="0"/></method><method name="setTelephone" desc="(Ljava/lang/String;)V" line="56"><counter type="INSTRUCTION" missed="4" covered="0"/><counter type="LINE" missed="2" covered="0"/><counter type="COMPLEXITY" missed="1" covered="0"/><counter type="METHOD" missed="1" covered="0"/></method><method name="setAddress" desc="(Ljava/lang/String;)V" line="60"><counter type="INSTRUCTION" missed="4" covered="0"/><counter type="LINE" missed="2" covered="0"/><counter type="COMPLEXITY" missed="1" covered="0"/><counter type="METHOD" missed="1" covered="0"/></method><counter type="INSTRUCTION" missed="19" covered="45"/><counter type="LINE" missed="7" covered="18"/><counter type="COMPLEXITY" missed="3" covered="9"/><counter type="METHOD" missed="3" covered="9"/><counter type="CLASS" missed="0" covered="1"/></class><sourcefile name="Utente.java"><line nr="10" mi="0" ci="2" mb="0" cb="0"/><line nr="11" mi="0" ci="3" mb="0" cb="0"/><line nr="12" mi="0" ci="3" mb="0" cb="0"/><line nr="13" mi="0" ci="3" mb="0" cb="0"/><line nr="14" mi="0" ci="3" mb="0" cb="0"/><line nr="15" mi="0" ci="3" mb="0" cb="0"/><line nr="16" mi="0" ci="1" mb="0" cb="0"/><line nr="19" mi="0" ci="3" mb="0" cb="0"/><line nr="23" mi="0" ci="3" mb="0" cb="0"/><line nr="27" mi="0" ci="3" mb="0" cb="0"/><line nr="31" mi="0" ci="3" mb="0" cb="0"/><line nr="35" mi="0" ci="3" mb="0" cb="0"/><line nr="39" mi="0" ci="3" mb="0" cb="0"/><line nr="40" mi="0" ci="1" mb="0" cb="0"/><line nr="43" mi="0" ci="3" mb="0" cb="0"/><line nr="44" mi="0" ci="1" mb="0" cb="0"/><line nr="47" mi="0" ci="3" mb="0" cb="0"/><line nr="48" mi="0" ci="1" mb="0" cb="0"/><line nr="51" mi="5" ci="0" mb="0" cb="0"/><line nr="52" mi="5" ci="0" mb="0" cb="0"/><line nr="53" mi="1" ci="0" mb="0" cb="0"/><line nr="56" mi="3" ci="0" mb="0" cb="0"/><line nr="57" mi="1" ci="0" mb="0" cb="0"/><line nr="60" mi="3" ci="0" mb="0" cb="0"/><line nr="61" mi="1" ci="0" mb="0" cb="0"/><counter type="INSTRUCTION" missed="19" covered="45"/><counter type="LINE" missed="7" covered="18"/><counter type="COMPLEXITY" missed="3" covered="9"/><counter type="METHOD" missed="3" covered="9"/><counter type="CLASS" missed="0" covered="1"/></sourcefile><counter type="INSTRUCTION" missed="19" covered="45"/><counter type="LINE" missed="7" covered="18"/><counter type="COMPLEXITY" missed="3" covered="9"/><counter type="METHOD" missed="3" covered="9"/><counter type="CLASS" missed="0" covered="1"/></package><package name="org/example/utente/personale"><class name="org/example/utente/personale/Tecnico" sourcefilename="Tecnico.java"><method name="&lt;init&gt;" desc="(Ljava/lang/String;Ljava/lang/String;Ljava/lang/String;I)V" line="5"><counter type="INSTRUCTION" missed="0" covered="15"/><counter type="LINE" missed="0" covered="6"/><counter type="COMPLEXITY" missed="0" covered="1"/><counter type="METHOD" missed="0" covered="1"/></method><method name="getName" desc="()Ljava/lang/String;" line="13"><counter type="INSTRUCTION" missed="0" covered="3"/><counter type="LINE" missed="0" covered="1"/><counter type="COMPLEXITY" missed="0" covered="1"/><counter type="METHOD" missed="0" covered="1"/></method><method name="getSurname" desc="()Ljava/lang/String;" line="17"><counter type="INSTRUCTION" missed="0" covered="3"/><counter type="LINE" missed="0" covered="1"/><counter type="COMPLEXITY" missed="0" covered="1"/><counter type="METHOD" missed="0" covered="1"/></method><method name="getProfession" desc="()Ljava/lang/String;" line="21"><counter type="INSTRUCTION" missed="0" covered="3"/><counter type="LINE" missed="0" covered="1"/><counter type="COMPLEXITY" missed="0" covered="1"/><counter type="METHOD" missed="0" covered="1"/></method><method name="getCode" desc="()I" line="25"><counter type="INSTRUCTION" missed="0" covered="3"/><counter type="LINE" missed="0" covered="1"/><counter type="COMPLEXITY" missed="0" covered="1"/><counter type="METHOD" missed="0" covered="1"/></method><method name="setName" desc="(Ljava/lang/String;)V" line="29"><counter type="INSTRUCTION" missed="0" covered="4"/><counter type="LINE" missed="0" covered="2"/><counter type="COMPLEXITY" missed="0" covered="1"/><counter type="METHOD" missed="0" covered="1"/></method><method name="setSurname" desc="(Ljava/lang/String;)V" line="33"><counter type="INSTRUCTION" missed="0" covered="4"/><counter type="LINE" missed="0" covered="2"/><counter type="COMPLEXITY" missed="0" covered="1"/><counter type="METHOD" missed="0" covered="1"/></method><method name="setProfession" desc="(Ljava/lang/String;)V" line="37"><counter type="INSTRUCTION" missed="0" covered="4"/><counter type="LINE" missed="0" covered="2"/><counter type="COMPLEXITY" missed="0" covered="1"/><counter type="METHOD" missed="0" covered="1"/></method><method name="setCode" desc="(I)V" line="41"><counter type="INSTRUCTION" missed="0" covered="4"/><counter type="LINE" missed="0" covered="2"/><counter type="COMPLEXITY" missed="0" covered="1"/><counter type="METHOD" missed="0" covered="1"/></method><counter type="INSTRUCTION" missed="0" covered="43"/><counter type="LINE" missed="0" covered="18"/><counter type="COMPLEXITY" missed="0" covered="9"/><counter type="METHOD" missed="0" covered="9"/><counter type="CLASS" missed="0" covered="1"/></class><class name="org/example/utente/personale/Amministratore" sourcefilename="Amministratore.java"><method name="&lt;init&gt;" desc="(Ljava/lang/String;Ljava/lang/String;Ljava/lang/String;)V" line="4"><counter type="INSTRUCTION" missed="0" covered="12"/><counter type="LINE" missed="0" covered="5"/><counter type="COMPLEXITY" missed="0" covered="1"/><counter type="METHOD" missed="0" covered="1"/></method><method name="getName" desc="()Ljava/lang/String;" line="11"><counter type="INSTRUCTION" missed="0" covered="3"/><counter type="LINE" missed="0" covered="1"/><counter type="COMPLEXITY" missed="0" covered="1"/><counter type="METHOD" missed="0" covered="1"/></method><method name="getSurname" desc="()Ljava/lang/String;" line="15"><counter type="INSTRUCTION" missed="0" covered="3"/><counter type="LINE" missed="0" covered="1"/><counter type="COMPLEXITY" missed="0" covered="1"/><counter type="METHOD" missed="0" covered="1"/></method><method name="getDepartment" desc="()Ljava/lang/String;" line="19"><counter type="INSTRUCTION" missed="0" covered="3"/><counter type="LINE" missed="0" covered="1"/><counter type="COMPLEXITY" missed="0" covered="1"/><counter type="METHOD" missed="0" covered="1"/></method><method name="setName" desc="(Ljava/lang/String;)V" line="23"><counter type="INSTRUCTION" missed="0" covered="4"/><counter type="LINE" missed="0" covered="2"/><counter type="COMPLEXITY" missed="0" covered="1"/><counter type="METHOD" missed="0" covered="1"/></method><method name="setSurname" desc="(Ljava/lang/String;)V" line="27"><counter type="INSTRUCTION" missed="0" covered="4"/><counter type="LINE" missed="0" covered="2"/><counter type="COMPLEXITY" missed="0" covered="1"/><counter type="METHOD" missed="0" covered="1"/></method><method name="setDepartment" desc="(Ljava/lang/String;)V" line="31"><counter type="INSTRUCTION" missed="0" covered="4"/><counter type="LINE" missed="0" covered="2"/><counter type="COMPLEXITY" missed="0" covered="1"/><counter type="METHOD" missed="0" covered="1"/></method><counter type="INSTRUCTION" missed="0" covered="33"/><counter type="LINE" missed="0" covered="14"/><counter type="COMPLEXITY" missed="0" covered="7"/><counter type="METHOD" missed="0" covered="7"/><counter type="CLASS" missed="0" covered="1"/></class><sourcefile name="Tecnico.java"><line nr="5" mi="0" ci="2" mb="0" cb="0"/><line nr="6" mi="0" ci="3" mb="0" cb="0"/><line nr="7" mi="0" ci="3" mb="0" cb="0"/><line nr="8" mi="0" ci="3" mb="0" cb="0"/><line nr="9" mi="0" ci="3" mb="0" cb="0"/><line nr="10" mi="0" ci="1" mb="0" cb="0"/><line nr="13" mi="0" ci="3" mb="0" cb="0"/><line nr="17" mi="0" ci="3" mb="0" cb="0"/><line nr="21" mi="0" ci="3" mb="0" cb="0"/><line nr="25" mi="0" ci="3" mb="0" cb="0"/><line nr="29" mi="0" ci="3" mb="0" cb="0"/><line nr="30" mi="0" ci="1" mb="0" cb="0"/><line nr="33" mi="0" ci="3" mb="0" cb="0"/><line nr="34" mi="0" ci="1" mb="0" cb="0"/><line nr="37" mi="0" ci="3" mb="0" cb="0"/><line nr="38" mi="0" ci="1" mb="0" cb="0"/><line nr="41" mi="0" ci="3" mb="0" cb="0"/><line nr="42" mi="0" ci="1" mb="0" cb="0"/><counter type="INSTRUCTION" missed="0" covered="43"/><counter type="LINE" missed="0" covered="18"/><counter type="COMPLEXITY" missed="0" covered="9"/><counter type="METHOD" missed="0" covered="9"/><counter type="CLASS" missed="0" covered="1"/></sourcefile><sourcefile name="Amministratore.java"><line nr="4" mi="0" ci="2" mb="0" cb="0"/><line nr="5" mi="0" ci="3" mb="0" cb="0"/><line nr="6" mi="0" ci="3" mb="0" cb="0"/><line nr="7" mi="0" ci="3" mb="0" cb="0"/><line nr="8" mi="0" ci="1" mb="0" cb="0"/><line nr="11" mi="0" ci="3" mb="0" cb="0"/><line nr="15" mi="0" ci="3" mb="0" cb="0"/><line nr="19" mi="0" ci="3" mb="0" cb="0"/><line nr="23" mi="0" ci="3" mb="0" cb="0"/><line nr="24" mi="0" ci="1" mb="0" cb="0"/><line nr="27" mi="0" ci="3" mb="0" cb="0"/><line nr="28" mi="0" ci="1" mb="0" cb="0"/><line nr="31" mi="0" ci="3" mb="0" cb="0"/><line nr="32" mi="0" ci="1" mb="0" cb="0"/><counter type="INSTRUCTION" missed="0" covered="33"/><counter type="LINE" missed="0" covered="14"/><counter type="COMPLEXITY" missed="0" covered="7"/><counter type="METHOD" missed="0" covered="7"/><counter type="CLASS" missed="0" covered="1"/></sourcefile><counter type="INSTRUCTION" missed="0" covered="76"/><counter type="LINE" missed="0" covered="32"/><counter type="COMPLEXITY" missed="0" covered="16"/><counter type="METHOD" missed="0" covered="16"/><counter type="CLASS" missed="0" covered="2"/></package><counter type="INSTRUCTION" missed="19" covered="169"/><counter type="BRANCH" missed="0" covered="2"/><counter type="LINE" missed="7" covered="68"/><counter type="COMPLEXITY" missed="3" covered="34"/><counter type="METHOD" missed="3" covered="33"/><counter type="CLASS" missed="0" covered="4"/></report>