<?xml version="1.0" encoding="UTF-8" standalone="yes"?><!DOCTYPE report PUBLIC "-//JACOCO//DTD Report 1.1//EN" "report.dtd"><report name="GradleProjectJ4"><sessioninfo id="mydesktop-f725c722" start="1761659753893" dump="1761659754230"/><sessioninfo id="mydesktop-f725c722" start="1761659754231" dump="1761659754967"/><sessioninfo id="mydesktop-dcec3a90" start="1761659755105" dump="1761659755410"/><sessioninfo id="mydesktop-dcec3a90" start="1761659755411" dump="1761659756248"/><sessioninfo id="mydesktop-af1b8743" start="1761659756362" dump="1761659756664"/><sessioninfo id="mydesktop-af1b8743" start="1761659756665" dump="1761659757429"/><sessioninfo id="mydesktop-c9290de4" start="1761659757548" dump="1761659757857"/><sessioninfo id="mydesktop-c9290de4" start="1761659757858" dump="1761659758622"/><sessioninfo id="mydesktop-8c40eb2c" start="1761659758719" dump="1761659759025"/><sessioninfo id="mydesktop-8c40eb2c" start="1761659759026" dump="1761659759786"/><sessioninfo id="mydesktop-e3891df7" start="1761659759880" dump="1761659760202"/><sessioninfo id="mydesktop-e3891df7" start="1761659760203" dump="1761659761071"/><sessioninfo id="mydesktop-500e0b2a" start="1761659761227" dump="1761659761537"/><sessioninfo id="mydesktop-500e0b2a" start="1761659761538" dump="1761659762358"/><sessioninfo id="mydesktop-2cffc07e" start="1761659762456" dump="1761659762768"/><sessioninfo id="mydesktop-2cffc07e" start="1761659762769" dump="1761659763531"/><sessioninfo id="mydesktop-4e4ef2bc" start="1761659763639" dump="1761659763948"/><sessioninfo id="mydesktop-4e4ef2bc" start="1761659763949" dump="1761659764729"/><sessioninfo id="mydesktop-70243f71" start="1761659764837" dump="1761659765152"/><sessioninfo id="mydesktop-70243f71" start="1761659765153" dump="1761659765970"/><sessioninfo id="mydesktop-d8ebbcc8" start="1761659766066" dump="1761659766380"/><sessioninfo id="mydesktop-d8ebbcc8" start="1761659766381" dump="1761659767166"/><sessioninfo id="mydesktop-7f9032b1" start="1761659767264" dump="1761659767569"/><sessioninfo id="mydesktop-7f9032b1" start="1761659767569" dump="1761659768340"/><sessioninfo id="mydesktop-c352b0dd" start="1761659768426" dump="1761659768733"/><sessioninfo id="mydesktop-c352b0dd" start="1761659768733" dump="1761659769494"/><sessioninfo id="mydesktop-aa9480a4" start="1761659769575" dump="1761659769875"/><sessioninfo id="mydesktop-aa9480a4" start="1761659769875" dump="1761659770656"/><sessioninfo id="mydesktop-74673399" start="1761659770751" dump="1761659771063"/><sessioninfo id="mydesktop-74673399" start="1761659771064" dump="1761659771835"/><sessioninfo id="mydesktop-e839181a" start="1761659771932" dump="1761659772245"/><sessioninfo id="mydesktop-e839181a" start="1761659772246" dump="1761659773041"/><sessioninfo id="mydesktop-f9666bc5" start="1761659773148" dump="1761659773461"/><sessioninfo id="mydesktop-f9666bc5" start="1761659773461" dump="1761659774262"/><sessioninfo id="mydesktop-81d58def" start="1761659774362" dump="1761659774668"/><sessioninfo id="mydesktop-81d58def" start="1761659774669" dump="1761659775435"/><sessioninfo id="mydesktop-c4b98dad" start="1761659775528" dump="1761659775830"/><sessioninfo id="mydesktop-c4b98dad" start="1761659775831" dump="1761659776603"/><sessioninfo id="mydesktop-bd8c6d97" start="1761659776697" dump="1761659777006"/><sessioninfo id="mydesktop-bd8c6d97" start="1761659777007" dump="1761659777797"/><sessioninfo id="mydesktop-4dfe105c" start="1761659777893" dump="1761659778208"/><sessioninfo id="mydesktop-4dfe105c" start="1761659778209" dump="1761659778990"/><sessioninfo id="mydesktop-14dba0c1" start="1761659779090" dump="1761659779395"/><sessioninfo id="mydesktop-14dba0c1" start="1761659779396" dump="1761659780175"/><sessioninfo id="mydesktop-a0a66778" start="1761659780271" dump="1761659780574"/><sessioninfo id="mydesktop-a0a66778" start="1761659780575" dump="1761659781368"/><sessioninfo id="mydesktop-155d7151" start="1761659781466" dump="1761659781781"/><sessioninfo id="mydesktop-155d7151" start="1761659781782" dump="1761659782570"/><sessioninfo id="mydesktop-cc552ce9" start="1761659782666" dump="1761659782981"/><sessioninfo id="mydesktop-cc552ce9" start="1761659782982" dump="1761659783827"/><sessioninfo id="mydesktop-5c680d71" start="1761659783924" dump="1761659784239"/><sessioninfo id="mydesktop-5c680d71" start="1761659784240" dump="1761659785003"/><sessioninfo id="mydesktop-ea043ccd" start="1761659785096" dump="1761659785413"/><sessioninfo id="mydesktop-ea043ccd" start="1761659785414" dump="1761659786186"/><sessioninfo id="mydesktop-e5bed436" start="1761659786270" dump="1761659786589"/><sessioninfo id="mydesktop-e5bed436" start="1761659786590" dump="1761659787378"/><sessioninfo id="mydesktop-126cd348" start="1761659787461" dump="1761659787769"/><sessioninfo id="mydesktop-126cd348" start="1761659787770" dump="1761659788532"/><sessioninfo id="mydesktop-889f04fc" start="1761659788616" dump="1761659788924"/><sessioninfo id="mydesktop-889f04fc" start="1761659788925" dump="1761659789719"/><sessioninfo id="mydesktop-792f6bca" start="1761659789806" dump="1761659790114"/><sessioninfo id="mydesktop-792f6bca" start="1761659790115" dump="1761659790892"/><sessioninfo id="mydesktop-93581e23" start="1761659790989" dump="1761659791294"/><sessioninfo id="mydesktop-93581e23" start="1761659791295" dump="1761659792071"/><sessioninfo id="mydesktop-215c2c36" start="1761659792158" dump="1761659792477"/><sessioninfo id="mydesktop-215c2c36" start="1761659792478" dump="1761659793253"/><sessioninfo id="mydesktop-295fd86e" start="1761659793341" dump="1761659793651"/><sessioninfo id="mydesktop-295fd86e" start="1761659793652" dump="1761659794436"/><sessioninfo id="mydesktop-b27aa658" start="1761659794521" dump="1761659794830"/><sessioninfo id="mydesktop-b27aa658" start="1761659794831" dump="1761659795596"/><sessioninfo id="mydesktop-fec3027d" start="1761659795681" dump="1761659795988"/><sessioninfo id="mydesktop-fec3027d" start="1761659795989" dump="1761659796756"/><sessioninfo id="mydesktop-15e4d177" start="1761659796850" dump="1761659797158"/><sessioninfo id="mydesktop-15e4d177" start="1761659797159" dump="1761659797922"/><sessioninfo id="mydesktop-b2dafb7f" start="1761659798018" dump="1761659798319"/><sessioninfo id="mydesktop-b2dafb7f" start="1761659798320" dump="1761659799083"/><sessioninfo id="mydesktop-4021a8d" start="1761659799192" dump="1761659799499"/><sessioninfo id="mydesktop-4021a8d" start="1761659799499" dump="1761659800263"/><sessioninfo id="mydesktop-ca8b357a" start="1761659800348" dump="1761659800654"/><sessioninfo id="mydesktop-ca8b357a" start="1761659800655" dump="1761659801418"/><sessioninfo id="mydesktop-13aa68a2" start="1761659801513" dump="1761659801815"/><sessioninfo id="mydesktop-13aa68a2" start="1761659801816" dump="1761659802591"/><sessioninfo id="mydesktop-58b3d97d" start="1761659802676" dump="1761659802980"/><sessioninfo id="mydesktop-58b3d97d" start="1761659802981" dump="1761659803752"/><sessioninfo id="mydesktop-ff83e1cb" start="1761659803839" dump="1761659804145"/><sessioninfo id="mydesktop-ff83e1cb" start="1761659804146" dump="1761659804925"/><sessioninfo id="mydesktop-dbca64d0" start="1761659805022" dump="1761659805319"/><sessioninfo id="mydesktop-dbca64d0" start="1761659805320" dump="1761659806078"/><sessioninfo id="mydesktop-39bb49a6" start="1761659806175" dump="1761659806837"/><sessioninfo id="mydesktop-39bb49a6" start="1761659806840" dump="1761659807873"/><sessioninfo id="mydesktop-dd007bd6" start="1761659807966" dump="1761659808634"/><sessioninfo id="mydesktop-dd007bd6" start="1761659808637" dump="1761659809677"/><sessioninfo id="mydesktop-7ca33683" start="1761659809767" dump="1761659810423"/><sessioninfo id="mydesktop-7ca33683" start="1761659810426" dump="1761659811434"/><sessioninfo id="mydesktop-e02eb10e" start="1761659811521" dump="1761659812166"/><sessioninfo id="mydesktop-e02eb10e" start="1761659812169" dump="1761659813186"/><sessioninfo id="mydesktop-678672fe" start="1761659813277" dump="1761659813937"/><sessioninfo id="mydesktop-678672fe" start="1761659813939" dump="1761659814958"/><sessioninfo id="mydesktop-e1ada86f" start="1761659815046" dump="1761659815764"/><sessioninfo id="mydesktop-e1ada86f" start="1761659815767" dump="1761659816813"/><sessioninfo id="mydesktop-181e36db" start="1761659816903" dump="1761659817566"/><sessioninfo id="mydesktop-181e36db" start="1761659817568" dump="1761659818609"/><sessioninfo id="mydesktop-fd1a6214" start="1761659818699" dump="1761659819355"/><sessioninfo id="mydesktop-fd1a6214" start="1761659819357" dump="1761659820354"/><sessioninfo id="mydesktop-cc99ad23" start="1761659753473" dump="1761659820412"/><package name="org/example/banca"><class name="org/example/banca/ContoBancario" sourcefilename="ContoBancario.java"><method name="&lt;init&gt;" desc="(Ljava/lang/String;I)V" line="4"><counter type="INSTRUCTION" missed="0" covered="9"/><counter type="LINE" missed="0" covered="4"/><counter type="COMPLEXITY" missed="0" covered="1"/><counter type="METHOD" missed="0" covered="1"/></method><method name="getId" desc="()Ljava/lang/String;" line="10"><counter type="INSTRUCTION" missed="0" covered="3"/><counter type="LINE" missed="0" covered="1"/><counter type="COMPLEXITY" missed="0" covered="1"/><counter type="METHOD" missed="0" covered="1"/></method><method name="getSaldo" desc="()I" line="14"><counter type="INSTRUCTION" missed="0" covered="3"/><counter type="LINE" missed="0" covered="1"/><counter type="COMPLEXITY" missed="0" covered="1"/><counter type="METHOD" missed="0" covered="1"/></method><method name="setId" desc="(Ljava/lang/String;)V" line="18"><counter type="INSTRUCTION" missed="0" covered="4"/><counter type="LINE" missed="0" covered="2"/><counter type="COMPLEXITY" missed="0" covered="1"/><counter type="METHOD" missed="0" covered="1"/></method><method name="setSaldo" desc="(I)V" line="22"><counter type="INSTRUCTION" missed="0" covered="4"/><counter type="LINE" missed="0" covered="2"/><counter type="COMPLEXITY" missed="0" covered="1"/><counter type="METHOD" missed="0" covered="1"/></method><method name="setSaldo2" desc="(I)V" line="26"><counter type="INSTRUCTION" missed="0" covered="4"/><counter type="LINE" missed="0" covered="2"/><counter type="COMPLEXITY" missed="0" covered="1"/><counter type="METHOD" missed="0" covered="1"/></method><method name="versamento" desc="(I)V" line="30"><counter type="INSTRUCTION" missed="0" covered="7"/><counter type="LINE" missed="0" covered="2"/><counter type="COMPLEXITY" missed="0" covered="1"/><counter type="METHOD" missed="0" covered="1"/></method><method name="prelievo" desc="(I)I" line="34"><counter type="INSTRUCTION" missed="0" covered="14"/><counter type="BRANCH" missed="0" covered="2"/><counter type="LINE" missed="0" covered="4"/><counter type="COMPLEXITY" missed="0" covered="2"/><counter type="METHOD" missed="0" covered="1"/></method><counter type="INSTRUCTION" missed="0" covered="48"/><counter type="BRANCH" missed="0" covered="2"/><counter type="LINE" missed="0" covered="18"/><counter type="COMPLEXITY" missed="0" covered="9"/><counter type="METHOD" missed="0" covered="8"/><counter type="CLASS" missed="0" covered="1"/></class><sourcefile name="ContoBancario.java"><line nr="4" mi="0" ci="2" mb="0" cb="0"/><line nr="5" mi="0" ci="3" mb="0" cb="0"/><line nr="6" mi="0" ci="3" mb="0" cb="0"/><line nr="7" mi="0" ci="1" mb="0" cb="0"/><line nr="10" mi="0" ci="3" mb="0" cb="0"/><line nr="14" mi="0" ci="3" mb="0" cb="0"/><line nr="18" mi="0" ci="3" mb="0" cb="0"/><line nr="19" mi="0" ci="1" mb="0" cb="0"/><line nr="22" mi="0" ci="3" mb="0" cb="0"/><line nr="23" mi="0" ci="1" mb="0" cb="0"/><line nr="26" mi="0" ci="3" mb="0" cb="0"/><line nr="27" mi="0" ci="1" mb="0" cb="0"/><line nr="30" mi="0" ci="6" mb="0" cb="0"/><line nr="31" mi="0" ci="1" mb="0" cb="0"/><line nr="34" mi="0" ci="4" mb="0" cb="2"/><line nr="35" mi="0" ci="2" mb="0" cb="0"/><line nr="37" mi="0" ci="6" mb="0" cb="0"/><line nr="38" mi="0" ci="2" mb="0" cb="0"/><counter type="INSTRUCTION" missed="0" covered="48"/><counter type="BRANCH" missed="0" covered="2"/><counter type="LINE" missed="0" covered="18"/><counter type="COMPLEXITY" missed="0" covered="9"/><counter type="METHOD" missed="0" covered="8"/><counter type="CLASS" missed="0" covered="1"/></sourcefile><counter type="INSTRUCTION" missed="0" covered="48"/><counter type="BRANCH" missed="0" covered="2"/><counter type="LINE" missed="0" covered="18"/><counter type="COMPLEXITY" missed="0" covered="9"/><counter type="METHOD" missed="0" covered="8"/><counter type="CLASS" missed="0" covered="1"/></package><package name="org/example/utente"><class name="org/example/utente/Utente" sourcefilename="Utente.java"><method name="&lt;init&gt;" desc="(Ljava/lang/String;Ljava/lang/String;Ljava/lang/String;Ljava/lang/String;Lorg/example/banca/ContoBancario;)V" line="10"><counter type="INSTRUCTION" missed="0" covered="18"/><counter type="LINE" missed="0" covered="7"/><counter type="COMPLEXITY" missed="0" covered="1"/><counter type="METHOD" missed="0" covered="1"/></method><method name="getName" desc="()Ljava/lang/String;" line="19"><counter type="INSTRUCTION" missed="0" covered="3"/><counter type="LINE" missed="0" covered="1"/><counter type="COMPLEXITY" missed="0" covered="1"/><counter type="METHOD" missed="0" covered="1"/></method><method name="getSurname" desc="()Ljava/lang/String;" line="23"><counter type="INSTRUCTION" missed="0" covered="3"/><counter type="LINE" missed="0" covered="1"/><counter type="COMPLEXITY" missed="0" covered="1"/><counter type="METHOD" missed="0" covered="1"/></method><method name="getTelephone" desc="()Ljava/lang/String;" line="27"><counter type="INSTRUCTION" missed="0" covered="3"/><counter type="LINE" missed="0" covered="1"/><counter type="COMPLEXITY" missed="0" covered="1"/><counter type="METHOD" missed="0" covered="1"/></method><method name="getAddress" desc="(I)Ljava/lang/String;" line="31"><counter type="INSTRUCTION" missed="0" covered="3"/><counter type="LINE" missed="0" covered="1"/><counter type="COMPLEXITY" missed="0" covered="1"/><counter type="METHOD" missed="0" covered="1"/></method><method name="getContoBancario" desc="()Lorg/example/banca/ContoBancario;" line="35"><counter type="INSTRUCTION" missed="0" covered="3"/><counter type="LINE" missed="0" covered="1"/><counter type="COMPLEXITY" missed="0" covered="1"/><counter type="METHOD" missed="0" covered="1"/></method><method name="setName" desc="(Ljava/lang/String;)V" line="39"><counter type="INSTRUCTION" missed="0" covered="4"/><counter type="LINE" missed="0" covered="2"/><counter type="COMPLEXITY" missed="0" covered="1"/><counter type="METHOD" missed="0" covered="1"/></method><method name="setSurname" desc="(Ljava/lang/String;)V" line="43"><counter type="INSTRUCTION" missed="0" covered="4"/><counter type="LINE" missed="0" covered="2"/><counter type="COMPLEXITY" missed="0" covered="1"/><counter type="METHOD" missed="0" covered="1"/></method><method name="setContoBancario" desc="(Lorg/example/banca/ContoBancario;)V" line="47"><counter type="INSTRUCTION" missed="0" covered="4"/><counter type="LINE" missed="0" covered="2"/><counter type="COMPLEXITY" missed="0" covered="1"/><counter type="METHOD" missed="0" covered="1"/></method><method name="prova" desc="(Ljava/util/ArrayList;Ljava/util/Set;)V" line="51"><counter type="INSTRUCTION" missed="11" covered="0"/><counter type="LINE" missed="3" covered="0"/><counter type="COMPLEXITY" missed="1" covered="0"/><counter type="METHOD" missed="1" covered="0"/></method><method name="setTelephone" desc="(Ljava/lang/String;)V" line="56"><counter type="INSTRUCTION" missed="4" covered="0"/><counter type="LINE" missed="2" covered="0"/><counter type="COMPLEXITY" missed="1" covered="0"/><counter type="METHOD" missed="1" covered="0"/></method><method name="setAddress" desc="(Ljava/lang/String;)V" line="60"><counter type="INSTRUCTION" missed="4" covered="0"/><counter type="LINE" missed="2" covered="0"/><counter type="COMPLEXITY" missed="1" covered="0"/><counter type="METHOD" missed="1" covered="0"/></method><counter type="INSTRUCTION" missed="19" covered="45"/><counter type="LINE" missed="7" covered="18"/><counter type="COMPLEXITY" missed="3" covered="9"/><counter type="METHOD" missed="3" covered="9"/><counter type="CLASS" missed="0" covered="1"/></class><sourcefile name="Utente.java"><line nr="10" mi="0" ci="2" mb="0" cb="0"/><line nr="11" mi="0" ci="3" mb="0" cb="0"/><line nr="12" mi="0" ci="3" mb="0" cb="0"/><line nr="13" mi="0" ci="3" mb="0" cb="0"/><line nr="14" mi="0" ci="3" mb="0" cb="0"/><line nr="15" mi="0" ci="3" mb="0" cb="0"/><line nr="16" mi="0" ci="1" mb="0" cb="0"/><line nr="19" mi="0" ci="3" mb="0" cb="0"/><line nr="23" mi="0" ci="3" mb="0" cb="0"/><line nr="27" mi="0" ci="3" mb="0" cb="0"/><line nr="31" mi="0" ci="3" mb="0" cb="0"/><line nr="35" mi="0" ci="3" mb="0" cb="0"/><line nr="39" mi="0" ci="3" mb="0" cb="0"/><line nr="40" mi="0" ci="1" mb="0" cb="0"/><line nr="43" mi="0" ci="3" mb="0" cb="0"/><line nr="44" mi="0" ci="1" mb="0" cb="0"/><line nr="47" mi="0" ci="3" mb="0" cb="0"/><line nr="48" mi="0" ci="1" mb="0" cb="0"/><line nr="51" mi="5" ci="0" mb="0" cb="0"/><line nr="52" mi="5" ci="0" mb="0" cb="0"/><line nr="53" mi="1" ci="0" mb="0" cb="0"/><line nr="56" mi="3" ci="0" mb="0" cb="0"/><line nr="57" mi="1" ci="0" mb="0" cb="0"/><line nr="60" mi="3" ci="0" mb="0" cb="0"/><line nr="61" mi="1" ci="0" mb="0" cb="0"/><counter type="INSTRUCTION" missed="19" covered="45"/><counter type="LINE" missed="7" covered="18"/><counter type="COMPLEXITY" missed="3" covered="9"/><counter type="METHOD" missed="3" covered="9"/><counter type="CLASS" missed="0" covered="1"/></sourcefile><counter type="INSTRUCTION" missed="19" covered="45"/><counter type="LINE" missed="7" covered="18"/><counter type="COMPLEXITY" missed="3" covered="9"/><counter type="METHOD" missed="3" covered="9"/><counter type="CLASS" missed="0" covered="1"/></package><package name="org/example/utente/personale"><class name="org/example/utente/personale/Tecnico" sourcefilename="Tecnico.java"><method name="&lt;init&gt;" desc="(Ljava/lang/String;Ljava/lang/String;Ljava/lang/String;I)V" line="5"><counter type="INSTRUCTION" missed="0" covered="15"/><counter type="LINE" missed="0" covered="6"/><counter type="COMPLEXITY" missed="0" covered="1"/><counter type="METHOD" missed="0" covered="1"/></method><method name="getName" desc="()Ljava/lang/String;" line="13"><counter type="INSTRUCTION" missed="0" covered="3"/><counter type="LINE" missed="0" covered="1"/><counter type="COMPLEXITY" missed="0" covered="1"/><counter type="METHOD" missed="0" covered="1"/></method><method name="getSurname" desc="()Ljava/lang/String;" line="17"><counter type="INSTRUCTION" missed="0" covered="3"/><counter type="LINE" missed="0" covered="1"/><counter type="COMPLEXITY" missed="0" covered="1"/><counter type="METHOD" missed="0" covered="1"/></method><method name="getProfession" desc="()Ljava/lang/String;" line="21"><counter type="INSTRUCTION" missed="0" covered="3"/><counter type="LINE" missed="0" covered="1"/><counter type="COMPLEXITY" missed="0" covered="1"/><counter type="METHOD" missed="0" covered="1"/></method><method name="getCode" desc="()I" line="25"><counter type="INSTRUCTION" missed="0" covered="3"/><counter type="LINE" missed="0" covered="1"/><counter type="COMPLEXITY" missed="0" covered="1"/><counter type="METHOD" missed="0" covered="1"/></method><method name="setName" desc="(Ljava/lang/String;)V" line="29"><counter type="INSTRUCTION" missed="0" covered="4"/><counter type="LINE" missed="0" covered="2"/><counter type="COMPLEXITY" missed="0" covered="1"/><counter type="METHOD" missed="0" covered="1"/></method><method name="setSurname" desc="(Ljava/lang/String;)V" line="33"><counter type="INSTRUCTION" missed="0" covered="4"/><counter type="LINE" missed="0" covered="2"/><counter type="COMPLEXITY" missed="0" covered="1"/><counter type="METHOD" missed="0" covered="1"/></method><method name="setProfession" desc="(Ljava/lang/String;)V" line="37"><counter type="INSTRUCTION" missed="0" covered="4"/><counter type="LINE" missed="0" covered="2"/><counter type="COMPLEXITY" missed="0" covered="1"/><counter type="METHOD" missed="0" covered="1"/></method><method name="setCode" desc="(I)V" line="41"><counter type="INSTRUCTION" missed="0" covered="4"/><counter type="LINE" missed="0" covered="2"/><counter type="COMPLEXITY" missed="0" covered="1"/><counter type="METHOD" missed="0" covered="1"/></method><counter type="INSTRUCTION" missed="0" covered="43"/><counter type="LINE" missed="0" covered="18"/><counter type="COMPLEXITY" missed="0" covered="9"/><counter type="METHOD" missed="0" covered="9"/><counter type="CLASS" missed="0" covered="1"/></class><class name="org/example/utente/personale/Amministratore" sourcefilename="Amministratore.java"><method name="&lt;init&gt;" desc="(Ljava/lang/String;Ljava/lang/String;Ljava/lang/String;)V" line="4"><counter type="INSTRUCTION" missed="0" covered="12"/><counter type="LINE" missed="0" covered="5"/><counter type="COMPLEXITY" missed="0" covered="1"/><counter type="METHOD" missed="0" covered="1"/></method><method name="getName" desc="()Ljava/lang/String;" line="11"><counter type="INSTRUCTION" missed="0" covered="3"/><counter type="LINE" missed="0" covered="1"/><counter type="COMPLEXITY" missed="0" covered="1"/><counter type="METHOD" missed="0" covered="1"/></method><method name="getSurname" desc="()Ljava/lang/String;" line="15"><counter type="INSTRUCTION" missed="0" covered="3"/><counter type="LINE" missed="0" covered="1"/><counter type="COMPLEXITY" missed="0" covered="1"/><counter type="METHOD" missed="0" covered="1"/></method><method name="getDepartment" desc="()Ljava/lang/String;" line="19"><counter type="INSTRUCTION" missed="0" covered="3"/><counter type="LINE" missed="0" covered="1"/><counter type="COMPLEXITY" missed="0" covered="1"/><counter type="METHOD" missed="0" covered="1"/></method><method name="setName" desc="(Ljava/lang/String;)V" line="23"><counter type="INSTRUCTION" missed="0" covered="4"/><counter type="LINE" missed="0" covered="2"/><counter type="COMPLEXITY" missed="0" covered="1"/><counter type="METHOD" missed="0" covered="1"/></method><method name="setSurname" desc="(Ljava/lang/String;)V" line="27"><counter type="INSTRUCTION" missed="0" covered="4"/><counter type="LINE" missed="0" covered="2"/><counter type="COMPLEXITY" missed="0" covered="1"/><counter type="METHOD" missed="0" covered="1"/></method><method name="setDepartment" desc="(Ljava/lang/String;)V" line="31"><counter type="INSTRUCTION" missed="0" covered="4"/><counter type="LINE" missed="0" covered="2"/><counter type="COMPLEXITY" missed="0" covered="1"/><counter type="METHOD" missed="0" covered="1"/></method><counter type="INSTRUCTION" missed="0" covered="33"/><counter type="LINE" missed="0" covered="14"/><counter type="COMPLEXITY" missed="0" covered="7"/><counter type="METHOD" missed="0" covered="7"/><counter type="CLASS" missed="0" covered="1"/></class><sourcefile name="Tecnico.java"><line nr="5" mi="0" ci="2" mb="0" cb="0"/><line nr="6" mi="0" ci="3" mb="0" cb="0"/><line nr="7" mi="0" ci="3" mb="0" cb="0"/><line nr="8" mi="0" ci="3" mb="0" cb="0"/><line nr="9" mi="0" ci="3" mb="0" cb="0"/><line nr="10" mi="0" ci="1" mb="0" cb="0"/><line nr="13" mi="0" ci="3" mb="0" cb="0"/><line nr="17" mi="0" ci="3" mb="0" cb="0"/><line nr="21" mi="0" ci="3" mb="0" cb="0"/><line nr="25" mi="0" ci="3" mb="0" cb="0"/><line nr="29" mi="0" ci="3" mb="0" cb="0"/><line nr="30" mi="0" ci="1" mb="0" cb="0"/><line nr="33" mi="0" ci="3" mb="0" cb="0"/><line nr="34" mi="0" ci="1" mb="0" cb="0"/><line nr="37" mi="0" ci="3" mb="0" cb="0"/><line nr="38" mi="0" ci="1" mb="0" cb="0"/><line nr="41" mi="0" ci="3" mb="0" cb="0"/><line nr="42" mi="0" ci="1" mb="0" cb="0"/><counter type="INSTRUCTION" missed="0" covered="43"/><counter type="LINE" missed="0" covered="18"/><counter type="COMPLEXITY" missed="0" covered="9"/><counter type="METHOD" missed="0" covered="9"/><counter type="CLASS" missed="0" covered="1"/></sourcefile><sourcefile name="Amministratore.java"><line nr="4" mi="0" ci="2" mb="0" cb="0"/><line nr="5" mi="0" ci="3" mb="0" cb="0"/><line nr="6" mi="0" ci="3" mb="0" cb="0"/><line nr="7" mi="0" ci="3" mb="0" cb="0"/><line nr="8" mi="0" ci="1" mb="0" cb="0"/><line nr="11" mi="0" ci="3" mb="0" cb="0"/><line nr="15" mi="0" ci="3" mb="0" cb="0"/><line nr="19" mi="0" ci="3" mb="0" cb="0"/><line nr="23" mi="0" ci="3" mb="0" cb="0"/><line nr="24" mi="0" ci="1" mb="0" cb="0"/><line nr="27" mi="0" ci="3" mb="0" cb="0"/><line nr="28" mi="0" ci="1" mb="0" cb="0"/><line nr="31" mi="0" ci="3" mb="0" cb="0"/><line nr="32" mi="0" ci="1" mb="0" cb="0"/><counter type="INSTRUCTION" missed="0" covered="33"/><counter type="LINE" missed="0" covered="14"/><counter type="COMPLEXITY" missed="0" covered="7"/><counter type="METHOD" missed="0" covered="7"/><counter type="CLASS" missed="0" covered="1"/></sourcefile><counter type="INSTRUCTION" missed="0" covered="76"/><counter type="LINE" missed="0" covered="32"/><counter type="COMPLEXITY" missed="0" covered="16"/><counter type="METHOD" missed="0" covered="16"/><counter type="CLASS" missed="0" covered="2"/></package><counter type="INSTRUCTION" missed="19" covered="169"/><counter type="BRANCH" missed="0" covered="2"/><counter type="LINE" missed="7" covered="68"/><counter type="COMPLEXITY" missed="3" covered="34"/><counter type="METHOD" missed="3" covered="33"/><counter type="CLASS" missed="0" covered="4"/></report>